c:\users\gilles\documents\github\gamephysics\templateproj\massspringsystem\directxtk\bin\desktop_2013\win32\debug\directxtk.pch
c:\users\gilles\documents\github\gamephysics\templateproj\massspringsystem\directxtk\bin\desktop_2013\win32\debug\directxtk.pdb
c:\users\gilles\documents\github\gamephysics\templateproj\massspringsystem\directxtk\bin\desktop_2013\win32\debug\directxtk.idb
c:\users\gilles\documents\github\gamephysics\templateproj\massspringsystem\directxtk\bin\desktop_2013\win32\debug\pch.obj
c:\users\gilles\documents\github\gamephysics\templateproj\massspringsystem\directxtk\bin\desktop_2013\win32\debug\dgsleffect.obj
c:\users\gilles\documents\github\gamephysics\templateproj\massspringsystem\directxtk\bin\desktop_2013\win32\debug\dgsleffectfactory.obj
c:\users\gilles\documents\github\gamephysics\templateproj\massspringsystem\directxtk\bin\desktop_2013\win32\debug\dualtextureeffect.obj
c:\users\gilles\documents\github\gamephysics\templateproj\massspringsystem\directxtk\bin\desktop_2013\win32\debug\binaryreader.obj
c:\users\gilles\documents\github\gamephysics\templateproj\massspringsystem\directxtk\bin\desktop_2013\win32\debug\effectcommon.obj
c:\users\gilles\documents\github\gamephysics\templateproj\massspringsystem\directxtk\bin\desktop_2013\win32\debug\effectfactory.obj
c:\users\gilles\documents\github\gamephysics\templateproj\massspringsystem\directxtk\bin\desktop_2013\win32\debug\environmentmapeffect.obj
c:\users\gilles\documents\github\gamephysics\templateproj\massspringsystem\directxtk\bin\desktop_2013\win32\debug\gamepad.obj
c:\users\gilles\documents\github\gamephysics\templateproj\massspringsystem\directxtk\bin\desktop_2013\win32\debug\geometricprimitive.obj
c:\users\gilles\documents\github\gamephysics\templateproj\massspringsystem\directxtk\bin\desktop_2013\win32\debug\model.obj
c:\users\gilles\documents\github\gamephysics\templateproj\massspringsystem\directxtk\bin\desktop_2013\win32\debug\modelloadcmo.obj
c:\users\gilles\documents\github\gamephysics\templateproj\massspringsystem\directxtk\bin\desktop_2013\win32\debug\modelloadsdkmesh.obj
c:\users\gilles\documents\github\gamephysics\templateproj\massspringsystem\directxtk\bin\desktop_2013\win32\debug\screengrab.obj
c:\users\gilles\documents\github\gamephysics\templateproj\massspringsystem\directxtk\bin\desktop_2013\win32\debug\simplemath.obj
c:\users\gilles\documents\github\gamephysics\templateproj\massspringsystem\directxtk\bin\desktop_2013\win32\debug\skinnedeffect.obj
c:\users\gilles\documents\github\gamephysics\templateproj\massspringsystem\directxtk\bin\desktop_2013\win32\debug\spritebatch.obj
c:\users\gilles\documents\github\gamephysics\templateproj\massspringsystem\directxtk\bin\desktop_2013\win32\debug\primitivebatch.obj
c:\users\gilles\documents\github\gamephysics\templateproj\massspringsystem\directxtk\bin\desktop_2013\win32\debug\spritefont.obj
c:\users\gilles\documents\github\gamephysics\templateproj\massspringsystem\directxtk\bin\desktop_2013\win32\debug\vertextypes.obj
c:\users\gilles\documents\github\gamephysics\templateproj\massspringsystem\directxtk\bin\desktop_2013\win32\debug\wictextureloader.obj
c:\users\gilles\documents\github\gamephysics\templateproj\massspringsystem\directxtk\bin\desktop_2013\win32\debug\alphatesteffect.obj
c:\users\gilles\documents\github\gamephysics\templateproj\massspringsystem\directxtk\bin\desktop_2013\win32\debug\basiceffect.obj
c:\users\gilles\documents\github\gamephysics\templateproj\massspringsystem\directxtk\bin\desktop_2013\win32\debug\commonstates.obj
c:\users\gilles\documents\github\gamephysics\templateproj\massspringsystem\directxtk\bin\desktop_2013\win32\debug\ddstextureloader.obj
c:\users\gilles\documents\github\gamephysics\templateproj\massspringsystem\directxtk\bin\desktop_2013\win32\debug\directxtk.lib
c:\users\gilles\documents\github\gamephysics\templateproj\massspringsystem\directxtk\bin\desktop_2013\win32\debug\directxt.e0b52ae7.tlog\cl.command.1.tlog
c:\users\gilles\documents\github\gamephysics\templateproj\massspringsystem\directxtk\bin\desktop_2013\win32\debug\directxt.e0b52ae7.tlog\cl.read.1.tlog
c:\users\gilles\documents\github\gamephysics\templateproj\massspringsystem\directxtk\bin\desktop_2013\win32\debug\directxt.e0b52ae7.tlog\cl.write.1.tlog
c:\users\gilles\documents\github\gamephysics\templateproj\massspringsystem\directxtk\bin\desktop_2013\win32\debug\directxt.e0b52ae7.tlog\lib-link.read.1.tlog
c:\users\gilles\documents\github\gamephysics\templateproj\massspringsystem\directxtk\bin\desktop_2013\win32\debug\directxt.e0b52ae7.tlog\lib-link.write.1.tlog
c:\users\gilles\documents\github\gamephysics\templateproj\massspringsystem\directxtk\bin\desktop_2013\win32\debug\directxt.e0b52ae7.tlog\lib.command.1.tlog
