c:\users\gilles\documents\github\gamephysics\templateproj\massspringsystem\simulations\win32\debug\vc120.pdb
c:\users\gilles\documents\github\gamephysics\templateproj\massspringsystem\simulations\win32\debug\vc120.idb
c:\users\gilles\documents\github\gamephysics\templateproj\massspringsystem\simulations\win32\debug\massspringsystemsimulator.obj
c:\users\gilles\documents\github\gamephysics\templateproj\massspringsystem\simulations\win32\debug\point.obj
c:\users\gilles\documents\github\gamephysics\templateproj\massspringsystem\simulations\win32\debug\forcegenerator.obj
c:\users\gilles\documents\github\gamephysics\templateproj\massspringsystem\simulations\win32\debug\rigidbody.obj
c:\users\gilles\documents\github\gamephysics\templateproj\massspringsystem\simulations\win32\debug\rigidbodysystemsimulator.obj
c:\users\gilles\documents\github\gamephysics\templateproj\massspringsystem\simulations\win32\debug\spring.obj
c:\users\gilles\documents\github\gamephysics\templateproj\massspringsystem\simulations\win32\debug\templatesimulator.obj
c:\users\gilles\documents\github\gamephysics\templateproj\massspringsystem\simulations\win32\debug\ffmpeg.obj
c:\users\gilles\documents\github\gamephysics\templateproj\massspringsystem\simulations\win32\debug\util.obj
c:\users\gilles\documents\github\gamephysics\templateproj\massspringsystem\win32\debug\effect.fxo
c:\users\gilles\documents\github\gamephysics\templateproj\massspringsystem\win32\debug\simulations.lib
c:\users\gilles\documents\github\gamephysics\templateproj\massspringsystem\simulations\win32\debug\simulations.tlog\cl.command.1.tlog
c:\users\gilles\documents\github\gamephysics\templateproj\massspringsystem\simulations\win32\debug\simulations.tlog\cl.read.1.tlog
c:\users\gilles\documents\github\gamephysics\templateproj\massspringsystem\simulations\win32\debug\simulations.tlog\cl.write.1.tlog
c:\users\gilles\documents\github\gamephysics\templateproj\massspringsystem\simulations\win32\debug\simulations.tlog\fxc.command.1.tlog
c:\users\gilles\documents\github\gamephysics\templateproj\massspringsystem\simulations\win32\debug\simulations.tlog\fxc.read.1.tlog
c:\users\gilles\documents\github\gamephysics\templateproj\massspringsystem\simulations\win32\debug\simulations.tlog\fxc.write.1.tlog
c:\users\gilles\documents\github\gamephysics\templateproj\massspringsystem\simulations\win32\debug\simulations.tlog\lib-link.read.1.tlog
c:\users\gilles\documents\github\gamephysics\templateproj\massspringsystem\simulations\win32\debug\simulations.tlog\lib-link.write.1.tlog
c:\users\gilles\documents\github\gamephysics\templateproj\massspringsystem\simulations\win32\debug\simulations.tlog\lib.command.1.tlog
c:\users\gilles\documents\github\gamephysics\templateproj\massspringsystem\simulations\win32\debug\simulations.tlog\simulations.write.1u.tlog
