q:\users\benedikt\uni\gamephysics\develop\gamephysics\templateproj\massspringsystem\anttweakbar\lib\debug\anttweakbar.lib
q:\users\benedikt\uni\gamephysics\develop\gamephysics\templateproj\massspringsystem\anttweakbar\lib\debug\anttweakbar.exp
q:\users\benedikt\uni\gamephysics\develop\gamephysics\templateproj\massspringsystem\anttweakbar\src\debug32\anttweakbar.pch
q:\users\benedikt\uni\gamephysics\develop\gamephysics\templateproj\massspringsystem\anttweakbar\src\debug32\vc120.pdb
q:\users\benedikt\uni\gamephysics\develop\gamephysics\templateproj\massspringsystem\anttweakbar\src\debug32\vc120.idb
q:\users\benedikt\uni\gamephysics\develop\gamephysics\templateproj\massspringsystem\anttweakbar\src\debug32\twprecomp.obj
q:\users\benedikt\uni\gamephysics\develop\gamephysics\templateproj\massspringsystem\anttweakbar\src\debug32\twopengl.obj
q:\users\benedikt\uni\gamephysics\develop\gamephysics\templateproj\massspringsystem\anttweakbar\src\debug32\twmgr.obj
q:\users\benedikt\uni\gamephysics\develop\gamephysics\templateproj\massspringsystem\anttweakbar\src\debug32\twfonts.obj
q:\users\benedikt\uni\gamephysics\develop\gamephysics\templateproj\massspringsystem\anttweakbar\src\debug32\twdirect3d9.obj
q:\users\benedikt\uni\gamephysics\develop\gamephysics\templateproj\massspringsystem\anttweakbar\src\debug32\twdirect3d11.obj
q:\users\benedikt\uni\gamephysics\develop\gamephysics\templateproj\massspringsystem\anttweakbar\src\debug32\twdirect3d10.obj
q:\users\benedikt\uni\gamephysics\develop\gamephysics\templateproj\massspringsystem\anttweakbar\src\debug32\twcolors.obj
q:\users\benedikt\uni\gamephysics\develop\gamephysics\templateproj\massspringsystem\anttweakbar\src\debug32\twbar.obj
q:\users\benedikt\uni\gamephysics\develop\gamephysics\templateproj\massspringsystem\anttweakbar\src\debug32\loadoglcore.obj
q:\users\benedikt\uni\gamephysics\develop\gamephysics\templateproj\massspringsystem\anttweakbar\src\debug32\loadogl.obj
q:\users\benedikt\uni\gamephysics\develop\gamephysics\templateproj\massspringsystem\anttweakbar\src\debug32\tweventwin.obj
q:\users\benedikt\uni\gamephysics\develop\gamephysics\templateproj\massspringsystem\anttweakbar\src\debug32\tweventsdl13.obj
q:\users\benedikt\uni\gamephysics\develop\gamephysics\templateproj\massspringsystem\anttweakbar\src\debug32\tweventsdl12.obj
q:\users\benedikt\uni\gamephysics\develop\gamephysics\templateproj\massspringsystem\anttweakbar\src\debug32\tweventsdl.obj
q:\users\benedikt\uni\gamephysics\develop\gamephysics\templateproj\massspringsystem\anttweakbar\src\debug32\tweventglut.obj
q:\users\benedikt\uni\gamephysics\develop\gamephysics\templateproj\massspringsystem\anttweakbar\src\debug32\tweventglfw.obj
q:\users\benedikt\uni\gamephysics\develop\gamephysics\templateproj\massspringsystem\anttweakbar\src\debug32\twopenglcore.obj
q:\users\benedikt\uni\gamephysics\develop\gamephysics\templateproj\massspringsystem\anttweakbar\src\debug32\tweventsfml.obj
c:\users\gilles\documents\github\gamephysics\templateproj\massspringsystem\anttweakbar\src\debug32\anttweakbar.pch
c:\users\gilles\documents\github\gamephysics\templateproj\massspringsystem\anttweakbar\src\debug32\vc120.pdb
c:\users\gilles\documents\github\gamephysics\templateproj\massspringsystem\anttweakbar\src\debug32\vc120.idb
c:\users\gilles\documents\github\gamephysics\templateproj\massspringsystem\anttweakbar\src\debug32\twprecomp.obj
c:\users\gilles\documents\github\gamephysics\templateproj\massspringsystem\anttweakbar\src\debug32\twopengl.obj
c:\users\gilles\documents\github\gamephysics\templateproj\massspringsystem\anttweakbar\src\debug32\twmgr.obj
c:\users\gilles\documents\github\gamephysics\templateproj\massspringsystem\anttweakbar\src\debug32\twfonts.obj
c:\users\gilles\documents\github\gamephysics\templateproj\massspringsystem\anttweakbar\src\debug32\twdirect3d9.obj
c:\users\gilles\documents\github\gamephysics\templateproj\massspringsystem\anttweakbar\src\debug32\twdirect3d11.obj
c:\users\gilles\documents\github\gamephysics\templateproj\massspringsystem\anttweakbar\src\debug32\twdirect3d10.obj
c:\users\gilles\documents\github\gamephysics\templateproj\massspringsystem\anttweakbar\src\debug32\twcolors.obj
c:\users\gilles\documents\github\gamephysics\templateproj\massspringsystem\anttweakbar\src\debug32\twbar.obj
c:\users\gilles\documents\github\gamephysics\templateproj\massspringsystem\anttweakbar\src\debug32\loadoglcore.obj
q:\users\benedikt\uni\gamephysics\develop\gamephysics\templateproj\massspringsystem\anttweakbar\lib\debug\anttweakbar.ilk
q:\users\benedikt\uni\gamephysics\develop\gamephysics\templateproj\massspringsystem\anttweakbar\lib\debug\anttweakbar.dll
q:\users\benedikt\uni\gamephysics\develop\gamephysics\templateproj\massspringsystem\anttweakbar\lib\debug\anttweakbar.pdb
q:\users\benedikt\uni\gamephysics\develop\gamephysics\templateproj\massspringsystem\anttweakbar\src\debug32\anttweakbar.res
c:\users\gilles\documents\github\gamephysics\templateproj\massspringsystem\anttweakbar\src\debug32\tweventglfw.obj
c:\users\gilles\documents\github\gamephysics\templateproj\massspringsystem\anttweakbar\src\debug32\tweventglut.obj
c:\users\gilles\documents\github\gamephysics\templateproj\massspringsystem\anttweakbar\src\debug32\tweventsdl.obj
c:\users\gilles\documents\github\gamephysics\templateproj\massspringsystem\anttweakbar\src\debug32\tweventsdl12.obj
c:\users\gilles\documents\github\gamephysics\templateproj\massspringsystem\anttweakbar\src\debug32\tweventsdl13.obj
c:\users\gilles\documents\github\gamephysics\templateproj\massspringsystem\anttweakbar\src\debug32\tweventsfml.obj
c:\users\gilles\documents\github\gamephysics\templateproj\massspringsystem\anttweakbar\src\debug32\tweventwin.obj
c:\users\gilles\documents\github\gamephysics\templateproj\massspringsystem\anttweakbar\src\debug32\twopenglcore.obj
c:\users\gilles\documents\github\gamephysics\templateproj\massspringsystem\anttweakbar\src\debug32\anttweakbar.res
c:\users\gilles\documents\github\gamephysics\templateproj\massspringsystem\anttweakbar\src\../lib/debug\anttweakbar.dll
c:\users\gilles\documents\github\gamephysics\templateproj\massspringsystem\anttweakbar\src\debug32\anttweakbar.tlog\anttweakbar.write.1u.tlog
c:\users\gilles\documents\github\gamephysics\templateproj\massspringsystem\anttweakbar\src\debug32\anttweakbar.tlog\cl.command.1.tlog
c:\users\gilles\documents\github\gamephysics\templateproj\massspringsystem\anttweakbar\src\debug32\anttweakbar.tlog\cl.read.1.tlog
c:\users\gilles\documents\github\gamephysics\templateproj\massspringsystem\anttweakbar\src\debug32\anttweakbar.tlog\cl.write.1.tlog
c:\users\gilles\documents\github\gamephysics\templateproj\massspringsystem\anttweakbar\src\debug32\anttweakbar.tlog\link.command.1.tlog
c:\users\gilles\documents\github\gamephysics\templateproj\massspringsystem\anttweakbar\src\debug32\anttweakbar.tlog\link.read.1.tlog
c:\users\gilles\documents\github\gamephysics\templateproj\massspringsystem\anttweakbar\src\debug32\anttweakbar.tlog\link.write.1.tlog
c:\users\gilles\documents\github\gamephysics\templateproj\massspringsystem\anttweakbar\src\debug32\anttweakbar.tlog\rc.command.1.tlog
c:\users\gilles\documents\github\gamephysics\templateproj\massspringsystem\anttweakbar\src\debug32\anttweakbar.tlog\rc.read.1.tlog
c:\users\gilles\documents\github\gamephysics\templateproj\massspringsystem\anttweakbar\src\debug32\anttweakbar.tlog\rc.write.1.tlog
